[debug] [2025-06-19T18:18:30.260Z] ----------------------------------------------------------------------
[debug] [2025-06-19T18:18:30.264Z] Command:       C:\Program Files\nodejs\node.exe C:\Users\zqing\AppData\Roaming\npm\node_modules\firebase-tools\lib\bin\firebase.js init
[debug] [2025-06-19T18:18:30.265Z] CLI Version:   14.7.0
[debug] [2025-06-19T18:18:30.265Z] Platform:      win32
[debug] [2025-06-19T18:18:30.265Z] Node Version:  v22.14.0
[debug] [2025-06-19T18:18:30.266Z] Time:          Fri Jun 20 2025 03:18:30 GMT+0900 (GMT+09:00)
[debug] [2025-06-19T18:18:30.266Z] ----------------------------------------------------------------------
[debug] 
[debug] [2025-06-19T18:18:30.626Z] > command requires scopes: ["email","openid","https://www.googleapis.com/auth/cloudplatformprojects.readonly","https://www.googleapis.com/auth/firebase","https://www.googleapis.com/auth/cloud-platform"]
[debug] [2025-06-19T18:18:30.627Z] > authorizing via signed-in user (qingshuizezou@gmail.com)
[info] 
     ######## #### ########  ######## ########     ###     ######  ########
     ##        ##  ##     ## ##       ##     ##  ##   ##  ##       ##
     ######    ##  ########  ######   ########  #########  ######  ######
     ##        ##  ##    ##  ##       ##     ## ##     ##       ## ##
     ##       #### ##     ## ######## ########  ##     ##  ######  ########

You're about to initialize a Firebase project in this directory:

  C:\Users\zqing\webex\team-original-app

Before we get started, keep in mind:

  * You are initializing within an existing Firebase project directory

[debug] [2025-06-19T18:19:03.415Z] ExitPromptError: User force closed the prompt with SIGINT
    at Interface.sigint (C:\Users\zqing\AppData\Roaming\npm\node_modules\firebase-tools\node_modules\@inquirer\core\dist\commonjs\lib\create-prompt.js:101:37)
    at Interface.emit (node:events:518:28)
    at Interface.emit (node:domain:489:12)
    at [_ttyWrite] [as _ttyWrite] (node:internal/readline/interface:1124:18)
    at ReadStream.onkeypress (node:internal/readline/interface:263:20)
    at ReadStream.emit (node:events:530:35)
    at ReadStream.emit (node:domain:489:12)
    at emitKeys (node:internal/readline/utils:370:14)
    at emitKeys.next (<anonymous>)
    at ReadStream.onData (node:internal/readline/emitKeypressEvents:64:36)
[error] 
[error] Error: An unexpected error has occurred.
[debug] [2025-06-19T18:20:38.644Z] ----------------------------------------------------------------------
[debug] [2025-06-19T18:20:38.649Z] Command:       C:\Program Files\nodejs\node.exe C:\Users\zqing\AppData\Roaming\npm\node_modules\firebase-tools\lib\bin\firebase.js init
[debug] [2025-06-19T18:20:38.650Z] CLI Version:   14.7.0
[debug] [2025-06-19T18:20:38.650Z] Platform:      win32
[debug] [2025-06-19T18:20:38.650Z] Node Version:  v22.14.0
[debug] [2025-06-19T18:20:38.651Z] Time:          Fri Jun 20 2025 03:20:38 GMT+0900 (GMT+09:00)
[debug] [2025-06-19T18:20:38.651Z] ----------------------------------------------------------------------
[debug] 
[debug] [2025-06-19T18:20:39.031Z] > command requires scopes: ["email","openid","https://www.googleapis.com/auth/cloudplatformprojects.readonly","https://www.googleapis.com/auth/firebase","https://www.googleapis.com/auth/cloud-platform"]
[debug] [2025-06-19T18:20:39.031Z] > authorizing via signed-in user (qingshuizezou@gmail.com)
[info] 
     ######## #### ########  ######## ########     ###     ######  ########
     ##        ##  ##     ## ##       ##     ##  ##   ##  ##       ##
     ######    ##  ########  ######   ########  #########  ######  ######
     ##        ##  ##    ##  ##       ##     ## ##     ##       ## ##
     ##       #### ##     ## ######## ########  ##     ##  ######  ########

You're about to initialize a Firebase project in this directory:

  C:\Users\zqing\webex\team-original-app

Before we get started, keep in mind:

  * You are initializing within an existing Firebase project directory

[debug] [2025-06-19T18:21:47.644Z] ExitPromptError: User force closed the prompt with SIGINT
    at Interface.sigint (C:\Users\zqing\AppData\Roaming\npm\node_modules\firebase-tools\node_modules\@inquirer\core\dist\commonjs\lib\create-prompt.js:101:37)
    at Interface.emit (node:events:518:28)
    at Interface.emit (node:domain:489:12)
    at [_ttyWrite] [as _ttyWrite] (node:internal/readline/interface:1124:18)
    at ReadStream.onkeypress (node:internal/readline/interface:263:20)
    at ReadStream.emit (node:events:530:35)
    at ReadStream.emit (node:domain:489:12)
    at emitKeys (node:internal/readline/utils:370:14)
    at emitKeys.next (<anonymous>)
    at ReadStream.onData (node:internal/readline/emitKeypressEvents:64:36)
[error] 
[error] Error: An unexpected error has occurred.
